<?xml version="1.0" encoding="UTF-8"?>
<web-app xmlns="https://jakarta.ee/xml/ns/jakartaee"
         xmlns:xsi="http://www.w3.org/2001/XMLSchema-instance" version="6.0"
         xsi:schemaLocation="https://jakarta.ee/xml/ns/jakartaee https://jakarta.ee/xml/ns/jakartaee/web-app_6_0.xsd">
    <env-entry>
        <env-entry-name>java:app/configuration/GraphTraversalUrl</env-entry-name>
        <env-entry-type>java.lang.String</env-entry-type>
        <env-entry-value>http://localhost:9090/cargo-tracker-test/rest/graph-traversal/shortest-path</env-entry-value>
    </env-entry>
    <data-source>
        <name>${jta.data.source}</name>
        <class-name>org.h2.jdbcx.JdbcDataSource</class-name>
        <url>jdbc:h2:file:./cargo-tracker-test-data/cargo-tracker-database;create=true</url>    
    </data-source>
</web-app>
